SF:lib/models/card_data.dart
DA:12,2
DA:13,4
DA:14,8
DA:17,2
DA:23,2
DA:25,2
DA:26,2
DA:27,2
DA:28,2
DA:29,2
DA:30,2
DA:31,2
DA:35,2
DA:36,2
DA:37,4
DA:38,2
DA:39,3
DA:40,3
DA:41,3
DA:42,3
DA:43,3
DA:47,1
DA:48,1
DA:49,2
DA:50,0
DA:51,1
DA:52,1
DA:53,1
DA:54,2
DA:55,1
LF:30
LH:29
end_of_record
SF:lib/models/deck_info.dart
DA:14,1
DA:23,1
DA:24,2
DA:26,1
DA:27,1
DA:28,1
DA:29,1
DA:30,1
DA:31,2
DA:32,1
DA:33,1
DA:34,1
DA:35,5
DA:39,1
DA:40,1
DA:41,1
DA:42,1
DA:43,1
DA:44,2
DA:45,1
DA:48,1
DA:49,1
DA:50,1
DA:51,1
DA:52,3
DA:53,1
DA:54,1
DA:56,2
LF:28
LH:28
end_of_record
SF:lib/config/apiconfig.dart
DA:9,1
DA:11,1
DA:14,1
DA:15,1
DA:16,1
DA:17,1
DA:18,1
DA:19,1
DA:21,1
DA:22,2
DA:23,1
DA:26,2
DA:27,1
DA:29,1
DA:30,1
DA:33,1
DA:35,1
DA:40,1
DA:41,1
DA:44,1
LF:20
LH:20
end_of_record
