SF:lib/models/deck_info.dart
DA:14,2
DA:23,2
DA:24,4
DA:26,1
DA:27,1
DA:28,1
DA:29,1
DA:30,1
DA:31,2
DA:32,1
DA:33,1
DA:34,1
DA:35,5
DA:39,1
DA:40,1
DA:41,1
DA:42,1
DA:43,1
DA:44,2
DA:45,1
DA:48,1
DA:49,1
DA:50,1
DA:51,1
DA:52,3
DA:53,1
DA:54,1
DA:56,2
LF:28
LH:28
end_of_record
SF:lib/models/card_data.dart
DA:12,2
DA:13,4
DA:14,8
DA:17,3
DA:23,2
DA:25,2
DA:26,2
DA:27,2
DA:28,2
DA:29,2
DA:30,2
DA:31,2
DA:35,2
DA:36,2
DA:37,4
DA:38,2
DA:39,3
DA:40,3
DA:41,3
DA:42,3
DA:43,3
DA:47,1
DA:48,1
DA:49,2
DA:50,0
DA:51,1
DA:52,1
DA:53,1
DA:54,2
DA:55,1
LF:30
LH:29
end_of_record
SF:lib/main.dart
DA:6,0
DA:7,0
DA:11,15
DA:13,1
DA:15,1
DA:18,1
DA:21,1
LF:7
LH:5
end_of_record
SF:lib/screens/splash_screen.dart
DA:11,3
DA:13,2
DA:14,2
DA:21,2
DA:23,2
DA:24,2
DA:27,2
DA:28,3
DA:29,1
DA:32,1
DA:33,2
DA:34,0
DA:38,0
DA:40,0
DA:41,0
DA:43,0
DA:46,0
DA:47,0
DA:50,0
DA:51,0
DA:55,0
DA:56,0
DA:59,0
DA:60,0
DA:61,0
DA:66,0
DA:67,0
DA:68,0
DA:71,0
DA:72,0
DA:73,0
DA:75,0
DA:81,2
DA:83,3
DA:84,2
DA:87,2
DA:89,2
DA:91,2
DA:92,2
DA:95,2
LF:40
LH:19
end_of_record
SF:lib/config/apiconfig.dart
DA:9,4
DA:11,1
DA:14,1
DA:15,1
DA:16,1
DA:17,1
DA:18,1
DA:19,1
DA:21,1
DA:22,2
DA:23,2
DA:26,2
DA:27,1
DA:29,1
DA:30,1
DA:33,3
DA:35,3
DA:40,1
DA:41,1
DA:44,1
LF:20
LH:20
end_of_record
SF:lib/services/network.dart
DA:6,1
DA:8,2
DA:9,0
DA:14,0
DA:15,0
DA:17,0
DA:18,0
DA:24,0
DA:27,0
DA:28,0
DA:29,0
DA:31,0
DA:36,1
DA:37,1
DA:40,0
LF:15
LH:4
end_of_record
SF:lib/screens/ImagePickerService.dart
DA:7,0
DA:8,0
DA:9,0
LF:3
LH:0
end_of_record
SF:lib/screens/cloudinary_service.dart
DA:12,1
DA:14,2
DA:16,2
DA:17,3
DA:18,5
DA:19,3
DA:20,3
DA:21,3
DA:23,0
DA:24,0
DA:25,0
DA:26,0
DA:27,0
DA:29,0
DA:30,0
DA:34,2
LF:16
LH:9
end_of_record
SF:lib/screens/home_screen.dart
DA:5,14
DA:7,0
DA:9,0
DA:10,0
DA:11,0
DA:17,0
DA:19,0
DA:63,0
DA:65,0
DA:66,0
DA:77,0
DA:88,0
DA:101,0
DA:102,0
DA:103,0
DA:105,0
DA:106,0
DA:109,0
DA:112,0
DA:114,0
LF:20
LH:1
end_of_record
SF:lib/screens/home_screen2.dart
DA:5,14
DA:7,0
DA:9,0
DA:10,0
DA:11,0
DA:15,0
DA:17,0
DA:18,0
DA:21,0
DA:23,0
DA:24,0
DA:35,0
DA:37,0
DA:40,0
DA:41,0
DA:46,0
DA:51,0
DA:53,0
DA:56,0
DA:57,0
DA:62,0
DA:68,0
DA:70,0
DA:71,0
DA:82,0
DA:93,0
DA:106,0
DA:107,0
DA:108,0
DA:110,0
DA:113,0
DA:116,0
DA:118,0
DA:119,0
LF:34
LH:1
end_of_record
SF:lib/screens/home_screen3.dart
DA:6,16
DA:8,1
DA:10,1
DA:11,1
DA:12,1
DA:16,1
DA:17,1
DA:18,1
DA:19,1
DA:22,1
DA:24,1
DA:26,1
DA:29,1
DA:31,1
DA:34,1
DA:35,1
DA:39,1
DA:45,1
DA:48,1
DA:50,1
DA:51,1
DA:53,1
DA:54,1
DA:60,1
DA:61,1
DA:63,1
DA:64,1
DA:70,1
DA:71,1
DA:73,1
DA:74,1
DA:84,1
DA:87,1
DA:90,1
DA:91,1
DA:92,1
DA:99,1
DA:101,1
DA:103,1
DA:104,1
DA:115,1
DA:126,1
DA:140,1
DA:142,1
DA:143,1
DA:145,2
DA:146,1
DA:147,1
DA:148,1
DA:149,1
DA:150,1
DA:151,1
DA:154,1
DA:162,1
DA:165,1
DA:166,1
DA:167,1
DA:168,1
DA:170,1
DA:171,1
DA:172,1
DA:174,1
LF:62
LH:62
end_of_record
SF:lib/screens/login.dart
DA:15,2
DA:20,2
DA:21,2
DA:22,2
DA:31,2
DA:33,2
DA:34,4
DA:35,4
DA:39,0
DA:40,0
DA:41,0
DA:42,0
DA:45,0
DA:46,0
DA:48,0
DA:49,0
DA:53,0
DA:54,0
DA:59,0
DA:60,0
DA:62,0
DA:63,0
DA:64,0
DA:65,0
DA:71,0
DA:73,0
DA:77,0
DA:81,0
DA:83,0
DA:84,0
DA:86,0
DA:89,0
DA:90,0
DA:94,0
DA:95,0
DA:96,0
DA:98,0
DA:104,0
DA:105,0
DA:108,0
DA:109,0
DA:111,0
DA:112,0
DA:113,0
DA:114,0
DA:115,0
DA:117,0
DA:119,0
DA:126,0
DA:128,0
DA:134,0
DA:135,0
DA:136,0
DA:138,0
DA:139,0
DA:140,0
DA:142,0
DA:145,0
DA:146,0
DA:147,0
DA:153,0
DA:154,0
DA:155,0
DA:156,0
DA:157,0
DA:159,0
DA:161,0
DA:174,0
DA:175,0
DA:176,0
DA:177,0
DA:180,0
DA:181,0
DA:182,0
DA:187,0
DA:190,0
DA:193,0
DA:195,0
DA:196,0
DA:197,0
DA:204,2
DA:206,2
DA:207,2
DA:208,2
DA:209,2
DA:213,2
DA:214,2
DA:215,2
DA:216,2
DA:219,2
DA:220,2
DA:222,2
DA:225,2
DA:227,2
DA:230,2
DA:231,2
DA:236,2
DA:243,2
DA:246,2
DA:248,2
DA:249,2
DA:252,2
DA:253,2
DA:254,2
DA:255,2
DA:256,2
DA:257,0
DA:260,2
DA:261,2
DA:262,2
DA:263,2
DA:266,2
DA:267,2
DA:275,2
DA:276,0
DA:278,0
DA:279,0
DA:280,0
DA:290,2
DA:293,2
DA:295,2
DA:296,2
DA:299,2
DA:300,2
DA:301,2
DA:302,2
DA:303,2
DA:304,0
DA:307,2
DA:308,2
DA:310,2
DA:311,2
DA:314,2
DA:315,2
DA:323,2
DA:324,0
DA:326,0
DA:327,0
DA:328,0
DA:337,2
DA:340,2
DA:341,0
DA:342,0
DA:344,0
DA:345,0
DA:348,2
DA:350,2
DA:351,2
DA:360,2
DA:363,2
DA:364,2
DA:365,2
DA:368,2
DA:369,2
DA:370,2
DA:371,2
DA:372,2
DA:375,2
DA:379,2
DA:380,2
DA:383,2
DA:395,2
DA:398,2
DA:400,2
DA:401,0
DA:402,0
DA:404,0
DA:407,2
DA:408,2
DA:409,2
DA:410,2
DA:412,2
DA:419,2
DA:421,2
DA:422,2
LF:175
LH:86
end_of_record
SF:lib/screens/page_garde.dart
DA:22,0
DA:28,0
DA:29,0
DA:30,0
DA:31,0
DA:32,0
DA:38,1
DA:39,1
DA:51,1
DA:53,1
DA:54,1
DA:55,1
DA:56,1
DA:59,1
DA:61,2
DA:62,2
DA:63,1
DA:66,0
DA:69,0
DA:70,0
DA:71,0
DA:72,0
DA:74,0
DA:76,0
DA:81,0
DA:83,0
DA:84,0
DA:88,0
DA:89,0
DA:90,0
DA:93,0
DA:94,0
DA:95,0
DA:99,0
DA:100,0
DA:101,0
DA:102,0
DA:109,0
DA:110,0
DA:113,0
DA:114,0
DA:116,0
DA:122,0
DA:123,0
DA:126,0
DA:127,0
DA:129,0
DA:130,0
DA:132,0
DA:133,0
DA:134,0
DA:136,0
DA:137,0
DA:142,0
DA:147,1
DA:148,1
DA:149,0
DA:150,0
DA:151,0
DA:154,0
DA:155,0
DA:156,0
DA:157,0
DA:158,0
DA:164,0
DA:166,0
DA:167,0
DA:168,0
DA:169,0
DA:179,0
DA:181,0
DA:183,0
DA:184,0
DA:186,0
DA:189,0
DA:191,0
DA:196,0
DA:197,0
DA:201,0
DA:203,0
DA:204,0
DA:207,0
DA:209,0
DA:210,0
DA:211,0
DA:212,0
DA:213,0
DA:215,0
DA:216,0
DA:217,0
DA:221,0
DA:222,0
DA:223,0
DA:224,0
DA:226,0
DA:227,0
DA:229,0
DA:230,0
DA:231,0
DA:234,0
DA:235,0
DA:236,0
DA:238,0
DA:239,0
DA:241,0
DA:243,0
DA:246,0
DA:251,0
DA:252,0
DA:255,0
DA:256,0
DA:258,0
DA:262,0
DA:268,0
DA:270,0
DA:271,0
DA:274,0
DA:275,0
DA:276,0
DA:279,0
DA:280,0
DA:283,0
DA:285,0
DA:286,0
DA:288,0
DA:289,0
DA:290,0
DA:294,0
DA:302,0
DA:304,0
DA:305,0
DA:306,0
DA:307,0
DA:308,0
DA:310,0
DA:313,0
DA:317,0
DA:318,0
DA:321,0
DA:323,0
DA:324,0
DA:325,0
DA:331,0
DA:332,0
DA:334,0
DA:335,0
DA:337,0
DA:339,0
DA:340,0
DA:341,0
DA:346,0
DA:349,0
DA:350,0
DA:351,0
DA:352,0
DA:353,0
DA:354,0
DA:356,0
DA:357,0
DA:358,0
DA:360,0
DA:369,0
DA:370,0
DA:372,0
DA:374,0
DA:375,0
DA:376,0
DA:381,0
DA:382,0
DA:383,0
DA:386,0
DA:388,0
DA:389,0
DA:392,0
DA:393,0
DA:395,0
DA:398,0
DA:399,0
DA:406,1
DA:407,1
DA:408,0
DA:409,0
DA:412,0
DA:413,0
DA:414,0
DA:415,0
DA:422,2
DA:424,2
DA:425,2
DA:427,1
DA:428,1
DA:429,2
DA:430,3
DA:433,0
DA:434,0
DA:439,0
DA:443,0
DA:444,0
DA:446,0
DA:447,0
DA:450,1
DA:451,1
DA:452,2
DA:453,2
DA:454,1
DA:456,0
DA:459,1
DA:462,1
DA:463,1
DA:464,4
DA:466,1
DA:467,1
DA:469,0
DA:471,0
DA:473,0
DA:475,0
DA:476,0
DA:478,0
DA:482,1
DA:483,2
DA:484,2
DA:486,2
DA:489,0
DA:490,0
DA:491,0
DA:500,0
DA:502,0
DA:503,0
DA:505,0
DA:508,0
DA:509,0
DA:511,0
DA:515,0
DA:516,0
DA:518,0
DA:519,0
DA:520,0
DA:521,0
DA:522,0
DA:523,0
DA:524,0
DA:525,0
DA:526,0
DA:528,0
DA:531,0
DA:532,0
DA:534,0
DA:536,0
DA:538,0
DA:539,0
DA:541,0
DA:546,0
DA:549,0
DA:550,0
DA:551,0
DA:552,0
DA:554,0
DA:556,0
DA:564,0
DA:566,0
DA:567,0
DA:568,0
DA:569,0
DA:574,0
DA:575,0
DA:576,0
DA:577,0
DA:578,0
DA:579,0
DA:580,0
DA:582,0
DA:584,0
DA:585,0
DA:586,0
DA:588,0
DA:596,0
DA:597,0
DA:598,0
DA:605,0
DA:607,0
DA:608,0
DA:610,0
DA:615,0
DA:616,0
DA:618,0
DA:619,0
DA:620,0
DA:622,0
DA:624,0
DA:625,0
DA:626,0
DA:627,0
DA:629,0
DA:631,0
DA:632,0
DA:634,0
DA:635,0
DA:636,0
DA:637,0
DA:643,0
DA:644,0
DA:646,0
DA:654,0
DA:655,0
DA:656,0
DA:660,0
DA:661,0
DA:664,0
DA:665,0
DA:669,0
DA:670,0
DA:671,0
DA:672,0
DA:673,0
DA:674,0
DA:676,0
DA:677,0
DA:678,0
DA:680,0
DA:681,0
DA:687,0
DA:688,0
DA:689,0
DA:690,0
DA:698,0
DA:699,0
DA:701,0
DA:709,0
DA:710,0
DA:713,0
DA:714,0
DA:719,0
DA:728,1
DA:730,4
DA:731,0
DA:732,0
DA:733,0
DA:734,0
DA:735,0
DA:736,1
DA:738,1
DA:739,1
DA:740,1
DA:742,1
DA:743,1
DA:745,1
DA:746,1
DA:751,1
DA:753,1
DA:754,1
DA:760,1
DA:762,1
DA:763,1
DA:776,0
DA:777,0
DA:778,0
DA:779,0
DA:780,0
DA:781,0
DA:782,0
DA:783,0
DA:789,0
DA:790,0
DA:791,0
DA:792,0
DA:793,0
DA:794,0
DA:796,0
DA:798,0
DA:799,0
DA:800,0
DA:801,0
DA:802,0
DA:803,0
DA:805,0
DA:806,0
DA:807,0
DA:809,0
DA:810,0
DA:811,0
DA:812,0
DA:818,0
DA:819,0
DA:823,0
DA:832,0
DA:833,0
DA:834,0
DA:835,0
DA:836,0
DA:837,0
DA:839,0
DA:840,0
DA:846,0
DA:847,0
DA:848,0
DA:850,0
DA:851,0
DA:857,0
DA:858,0
DA:860,0
DA:861,0
DA:862,0
DA:863,0
DA:864,0
DA:865,0
DA:873,0
DA:874,0
DA:875,0
DA:876,0
DA:877,0
DA:879,0
DA:882,0
DA:884,0
DA:885,0
DA:887,0
DA:890,0
DA:892,0
DA:893,0
DA:897,0
DA:903,0
DA:904,0
DA:905,0
DA:906,0
DA:907,0
DA:909,0
DA:910,0
DA:911,0
DA:916,0
DA:917,0
DA:918,0
DA:922,0
DA:924,0
DA:925,0
DA:927,0
DA:928,0
DA:930,0
DA:933,0
DA:938,0
DA:939,0
DA:940,0
DA:941,0
DA:942,0
DA:943,0
DA:944,0
DA:946,0
DA:948,0
DA:949,0
DA:950,0
DA:952,0
DA:953,0
DA:954,0
DA:955,0
DA:957,0
DA:958,0
DA:959,0
DA:968,0
DA:969,0
DA:978,0
DA:979,0
DA:980,0
DA:988,0
DA:989,0
DA:990,0
DA:991,0
DA:992,0
DA:994,0
DA:996,0
DA:1002,0
DA:1003,0
DA:1004,0
DA:1005,0
DA:1011,0
DA:1014,0
DA:1018,0
DA:1019,0
DA:1020,0
DA:1021,0
DA:1022,0
DA:1023,0
DA:1024,0
DA:1026,0
DA:1028,0
DA:1029,0
DA:1030,0
DA:1031,0
DA:1033,0
DA:1038,0
DA:1040,0
DA:1041,0
DA:1042,0
DA:1043,0
DA:1044,0
DA:1048,0
DA:1049,0
DA:1050,0
DA:1051,0
DA:1060,0
DA:1061,0
DA:1062,0
DA:1066,0
DA:1067,0
DA:1069,0
DA:1070,0
DA:1071,0
DA:1072,0
DA:1073,0
DA:1074,0
DA:1075,0
DA:1081,0
DA:1082,0
DA:1083,0
DA:1084,0
DA:1086,0
DA:1087,0
DA:1089,0
DA:1095,0
DA:1096,0
DA:1097,0
DA:1098,0
DA:1100,0
DA:1107,0
DA:1108,0
DA:1109,0
DA:1110,0
DA:1111,0
DA:1112,0
DA:1113,0
DA:1116,0
DA:1121,0
DA:1122,0
DA:1123,0
DA:1126,0
DA:1136,0
DA:1137,0
DA:1139,0
DA:1141,0
DA:1142,0
DA:1143,0
DA:1145,0
DA:1146,0
DA:1148,0
DA:1158,0
DA:1159,0
DA:1160,0
DA:1161,0
DA:1162,0
DA:1163,0
DA:1165,0
DA:1166,0
DA:1171,0
DA:1172,0
DA:1173,0
DA:1174,0
DA:1176,0
DA:1179,0
DA:1180,0
DA:1181,0
DA:1185,0
DA:1186,0
DA:1187,0
DA:1192,0
DA:1193,0
DA:1194,0
DA:1195,0
DA:1196,0
DA:1197,0
DA:1198,0
DA:1199,0
DA:1200,0
DA:1203,0
DA:1205,0
DA:1217,0
DA:1218,0
DA:1219,0
DA:1220,0
DA:1222,0
DA:1223,0
DA:1225,0
DA:1226,0
DA:1230,0
DA:1231,0
DA:1232,0
DA:1233,0
DA:1234,0
DA:1238,0
DA:1239,0
DA:1240,0
DA:1241,0
DA:1243,0
DA:1244,0
DA:1245,0
DA:1246,0
DA:1247,0
DA:1250,0
DA:1252,0
DA:1254,0
DA:1255,0
DA:1257,0
DA:1264,0
DA:1265,0
DA:1266,0
DA:1268,0
DA:1269,0
DA:1271,0
DA:1276,0
DA:1277,0
DA:1279,0
DA:1280,0
DA:1297,1
DA:1299,1
DA:1300,0
DA:1301,1
DA:1302,1
DA:1303,1
DA:1304,1
DA:1305,1
DA:1306,2
DA:1307,1
DA:1310,1
DA:1312,1
DA:1313,1
DA:1314,1
DA:1321,1
DA:1322,1
DA:1323,1
DA:1324,1
DA:1326,1
DA:1327,1
DA:1328,0
DA:1329,1
DA:1330,1
DA:1331,1
DA:1337,1
DA:1338,1
DA:1339,2
DA:1340,1
DA:1341,1
DA:1350,1
DA:1351,1
DA:1352,2
DA:1353,2
DA:1354,2
DA:1357,1
DA:1358,1
DA:1359,1
DA:1371,1
DA:1372,1
DA:1373,1
DA:1374,1
DA:1376,1
DA:1378,1
DA:1379,1
DA:1381,1
DA:1384,1
DA:1386,0
DA:1387,0
DA:1393,1
DA:1394,1
DA:1396,1
DA:1397,1
DA:1398,0
DA:1399,1
DA:1408,1
DA:1409,1
DA:1410,1
DA:1411,1
DA:1412,1
DA:1413,1
DA:1418,1
DA:1419,1
DA:1421,1
DA:1422,1
DA:1423,1
DA:1424,1
DA:1430,1
DA:1431,1
DA:1432,0
DA:1434,0
DA:1436,0
DA:1437,0
DA:1438,0
DA:1439,0
DA:1442,0
DA:1443,0
DA:1444,0
DA:1445,0
DA:1450,1
DA:1452,1
DA:1453,1
DA:1458,1
DA:1459,1
DA:1461,1
DA:1462,1
DA:1479,0
DA:1484,0
DA:1485,0
DA:1494,0
DA:1496,0
DA:1497,0
DA:1500,0
DA:1502,0
DA:1503,0
DA:1506,0
DA:1508,0
DA:1509,0
DA:1510,0
DA:1511,0
DA:1512,0
DA:1514,0
DA:1516,0
DA:1517,0
DA:1519,0
DA:1525,0
DA:1526,0
DA:1527,0
DA:1528,0
DA:1529,0
DA:1531,0
DA:1532,0
DA:1534,0
DA:1535,0
DA:1536,0
DA:1540,0
DA:1542,0
DA:1543,0
DA:1544,0
DA:1545,0
DA:1553,0
DA:1554,0
DA:1555,0
DA:1556,0
DA:1557,0
DA:1560,0
DA:1561,0
DA:1562,0
DA:1564,0
DA:1566,0
DA:1567,0
DA:1568,0
DA:1569,0
DA:1570,0
DA:1571,0
DA:1572,0
DA:1574,0
DA:1575,0
DA:1576,0
DA:1577,0
DA:1578,0
DA:1580,0
DA:1590,0
DA:1591,0
DA:1593,0
DA:1594,0
DA:1595,0
DA:1596,0
DA:1598,0
DA:1599,0
DA:1600,0
DA:1601,0
DA:1607,0
DA:1608,0
DA:1609,0
DA:1610,0
DA:1611,0
DA:1616,0
DA:1618,0
DA:1619,0
DA:1620,0
DA:1621,0
DA:1622,0
DA:1626,0
DA:1627,0
DA:1628,0
DA:1629,0
DA:1635,0
DA:1636,0
DA:1637,0
DA:1638,0
DA:1639,0
DA:1647,0
DA:1648,0
DA:1654,0
DA:1657,0
DA:1658,0
DA:1659,0
DA:1660,0
DA:1662,0
DA:1664,0
DA:1669,0
DA:1671,0
DA:1672,0
DA:1676,0
DA:1677,0
DA:1678,0
DA:1681,0
DA:1682,0
DA:1683,0
DA:1687,0
DA:1688,0
DA:1689,0
DA:1690,0
LF:801
LH:123
end_of_record
SF:lib/screens/password_reset.dart
DA:10,0
DA:12,0
DA:13,0
DA:25,0
DA:27,0
DA:28,0
DA:31,0
DA:33,0
DA:34,0
DA:37,0
DA:39,0
DA:40,0
DA:42,0
DA:45,0
DA:47,0
DA:49,0
DA:57,0
DA:58,0
DA:59,0
DA:62,0
DA:64,0
DA:65,0
DA:66,0
DA:69,0
DA:71,0
DA:72,0
DA:77,0
DA:79,0
DA:80,0
DA:82,0
DA:84,0
DA:85,0
DA:90,0
DA:91,0
DA:94,0
DA:96,0
DA:97,0
DA:102,0
DA:104,0
DA:105,0
DA:107,0
DA:109,0
DA:110,0
DA:115,0
DA:116,0
DA:119,0
DA:121,0
DA:122,0
DA:130,0
DA:131,0
DA:135,0
DA:137,0
DA:138,0
DA:140,0
DA:142,0
DA:143,0
DA:148,0
DA:149,0
DA:152,0
DA:154,0
DA:155,0
DA:160,0
DA:162,0
DA:163,0
DA:165,0
DA:167,0
DA:168,0
DA:173,0
DA:174,0
DA:175,0
DA:178,0
DA:179,0
DA:199,0
DA:200,0
DA:201,0
DA:202,0
DA:203,0
DA:206,0
DA:207,0
DA:217,0
DA:218,0
DA:231,0
DA:232,0
DA:241,0
DA:242,0
DA:243,0
DA:245,0
DA:250,0
DA:253,0
DA:254,0
DA:255,0
DA:259,0
DA:262,0
DA:263,0
DA:265,0
DA:266,0
DA:267,0
DA:268,0
DA:270,0
DA:276,0
DA:277,0
DA:280,0
DA:281,0
DA:282,0
DA:283,0
DA:284,0
DA:285,0
DA:291,0
DA:292,0
DA:300,0
DA:301,0
DA:309,0
DA:310,0
DA:311,0
DA:315,0
DA:316,0
DA:317,0
DA:325,0
DA:333,0
DA:334,0
LF:120
LH:0
end_of_record
SF:lib/screens/registre.dart
DA:10,1
DA:11,1
DA:19,1
DA:20,3
DA:21,3
DA:22,3
DA:24,1
DA:25,3
DA:26,2
DA:32,0
DA:34,0
DA:39,0
DA:42,0
DA:43,0
DA:44,0
DA:45,0
DA:47,0
DA:48,0
DA:49,0
DA:52,0
DA:53,0
DA:55,0
DA:56,0
DA:57,0
DA:58,0
DA:59,0
DA:61,0
DA:63,0
DA:70,0
DA:72,0
DA:78,0
DA:79,0
DA:80,0
DA:81,0
DA:83,0
DA:85,0
DA:86,0
DA:94,0
DA:95,0
DA:96,0
DA:97,0
DA:98,0
DA:100,0
DA:102,0
DA:116,0
DA:117,0
DA:118,0
DA:119,0
DA:124,0
DA:125,0
DA:126,0
DA:127,0
DA:133,1
DA:135,1
DA:136,1
DA:137,1
DA:138,1
DA:142,1
DA:143,1
DA:144,1
DA:145,1
DA:148,1
DA:149,1
DA:151,1
DA:154,1
DA:156,1
DA:157,1
DA:159,1
DA:160,1
DA:165,1
DA:168,1
DA:169,1
DA:171,1
DA:172,1
DA:176,1
DA:179,1
DA:180,1
DA:182,1
DA:183,1
DA:188,1
DA:195,1
DA:198,1
DA:201,1
DA:202,1
DA:203,1
DA:205,1
DA:206,1
DA:207,1
DA:208,1
DA:211,1
DA:212,1
DA:217,1
DA:220,1
DA:226,1
DA:229,1
DA:232,1
DA:233,1
DA:234,1
DA:236,1
DA:237,1
DA:238,1
DA:239,1
DA:242,1
DA:243,1
DA:248,1
DA:251,1
DA:257,1
DA:260,1
DA:263,1
DA:264,1
DA:265,1
DA:267,1
DA:268,1
DA:270,1
DA:271,1
DA:274,1
DA:275,1
DA:280,1
DA:283,1
DA:289,1
DA:292,1
DA:293,1
DA:294,1
DA:297,1
DA:298,1
DA:299,1
DA:300,1
DA:303,1
DA:304,1
DA:307,1
DA:319,1
DA:323,1
DA:324,0
DA:325,0
DA:327,1
DA:328,1
DA:329,1
DA:330,1
DA:332,1
DA:339,1
DA:341,1
DA:342,1
DA:361,1
DA:363,2
DA:364,2
DA:365,2
DA:366,1
LF:147
LH:102
end_of_record
SF:lib/services/api_service.dart
DA:14,0
DA:16,0
DA:18,0
DA:21,0
DA:22,0
DA:23,0
DA:24,0
DA:25,0
DA:26,0
DA:29,0
DA:30,0
DA:34,0
DA:36,0
DA:37,0
DA:38,0
DA:43,0
DA:48,2
DA:50,2
DA:51,6
DA:52,2
DA:53,2
DA:54,4
DA:56,0
DA:61,1
DA:63,1
DA:64,1
DA:65,1
DA:68,1
DA:69,1
DA:70,1
DA:73,1
DA:74,1
DA:75,1
DA:78,0
DA:80,0
DA:83,0
DA:85,0
DA:86,0
DA:88,0
DA:89,0
DA:92,0
DA:94,0
DA:95,0
DA:98,0
DA:99,0
DA:100,0
DA:101,0
DA:104,0
DA:110,0
DA:111,0
DA:112,0
DA:116,0
DA:119,0
DA:124,1
DA:125,1
DA:126,1
DA:127,1
DA:128,1
DA:129,1
DA:132,0
DA:133,0
DA:134,0
DA:137,1
DA:138,1
DA:139,1
DA:142,1
DA:144,1
DA:146,2
DA:147,1
DA:148,1
DA:150,0
DA:151,0
DA:153,0
DA:154,0
DA:158,0
DA:159,0
DA:160,0
DA:161,0
DA:162,0
DA:163,0
DA:166,0
DA:168,0
DA:169,0
DA:170,0
DA:173,0
DA:174,0
DA:175,0
DA:176,0
DA:177,0
DA:178,0
DA:179,0
DA:185,0
DA:186,0
DA:187,0
DA:188,0
DA:194,0
DA:197,0
DA:199,0
DA:202,0
DA:203,0
DA:204,0
DA:205,0
DA:206,0
DA:207,0
DA:211,0
DA:213,0
DA:214,0
DA:215,0
DA:216,0
DA:219,0
DA:220,0
DA:222,0
DA:223,0
DA:224,0
DA:225,0
DA:226,0
DA:232,0
DA:237,0
DA:239,0
DA:241,0
DA:245,0
DA:246,0
DA:247,0
DA:248,0
DA:249,0
DA:250,0
DA:253,0
DA:255,0
DA:256,0
DA:257,0
DA:260,0
DA:261,0
DA:262,0
DA:264,0
DA:265,0
DA:266,0
DA:267,0
DA:268,0
DA:272,0
DA:273,0
DA:274,0
DA:276,0
DA:281,0
DA:282,0
DA:283,0
DA:286,1
DA:288,1
DA:289,1
DA:290,1
DA:293,2
DA:294,2
DA:295,2
DA:296,2
DA:297,2
DA:301,1
DA:302,1
DA:303,1
DA:311,1
LF:158
LH:43
end_of_record
SF:lib/screens/mes_paquets.dart
DA:15,0
DA:17,0
DA:18,0
DA:37,0
DA:39,0
DA:40,0
DA:41,0
DA:42,0
DA:44,0
DA:46,0
DA:47,0
DA:48,0
DA:52,0
DA:55,0
DA:56,0
DA:57,0
DA:59,0
DA:60,0
DA:61,0
DA:62,0
DA:63,0
DA:68,0
DA:69,0
DA:72,0
DA:73,0
DA:74,0
DA:75,0
DA:77,0
DA:78,0
DA:79,0
DA:80,0
DA:81,0
DA:86,0
DA:88,0
DA:89,0
DA:92,0
DA:94,0
DA:95,0
DA:101,0
DA:102,0
DA:103,0
DA:105,0
DA:106,0
DA:107,0
DA:108,0
DA:110,0
DA:112,0
DA:113,0
DA:115,0
DA:116,0
DA:118,0
DA:119,0
DA:120,0
DA:121,0
DA:122,0
DA:123,0
DA:127,0
DA:128,0
DA:129,0
DA:134,0
DA:135,0
DA:136,0
DA:138,0
DA:140,0
DA:141,0
DA:146,0
DA:147,0
DA:148,0
DA:149,0
DA:150,0
DA:152,0
DA:153,0
DA:154,0
DA:159,0
DA:161,0
DA:162,0
DA:164,0
DA:166,0
DA:168,0
DA:169,0
DA:170,0
DA:184,0
DA:185,0
DA:186,0
DA:187,0
DA:188,0
DA:191,0
DA:200,0
DA:201,0
DA:203,0
DA:206,0
DA:211,0
DA:212,0
DA:223,0
DA:224,0
DA:225,0
DA:227,0
DA:228,0
DA:229,0
DA:230,0
DA:231,0
DA:233,0
DA:235,0
DA:237,0
DA:238,0
DA:240,0
DA:248,0
DA:249,0
DA:251,0
DA:258,0
DA:259,0
DA:261,0
DA:262,0
DA:263,0
DA:264,0
DA:265,0
DA:266,0
DA:268,0
DA:270,0
DA:278,0
DA:279,0
DA:280,0
DA:281,0
DA:282,0
DA:283,0
DA:285,0
DA:287,0
DA:288,0
DA:289,0
DA:292,0
DA:294,0
DA:313,0
DA:315,0
DA:316,0
DA:317,0
DA:318,0
DA:320,0
DA:324,0
DA:325,0
DA:326,0
DA:327,0
DA:328,0
DA:329,0
DA:330,0
DA:331,0
DA:332,0
DA:333,0
DA:334,0
DA:335,0
DA:336,0
DA:337,0
DA:338,0
DA:340,0
DA:341,0
DA:342,0
DA:343,0
DA:345,0
DA:346,0
DA:347,0
DA:349,0
DA:350,0
DA:352,0
DA:354,0
DA:359,0
DA:360,0
DA:361,0
DA:366,0
DA:367,0
DA:368,0
DA:369,0
DA:371,0
DA:372,0
DA:373,0
DA:375,0
DA:382,0
DA:384,0
DA:385,0
DA:386,0
DA:397,0
DA:400,0
DA:401,0
DA:402,0
DA:404,0
DA:407,0
DA:408,0
DA:409,0
DA:419,0
DA:422,0
DA:423,0
DA:424,0
DA:425,0
DA:426,0
DA:427,0
DA:428,0
DA:431,0
DA:432,0
DA:433,0
DA:435,0
DA:436,0
DA:441,0
DA:442,0
DA:443,0
DA:444,0
DA:447,0
DA:448,0
DA:457,0
DA:458,0
DA:459,0
DA:461,0
DA:462,0
DA:463,0
DA:464,0
DA:465,0
DA:466,0
DA:467,0
DA:468,0
DA:474,0
DA:475,0
DA:477,0
DA:478,0
DA:480,0
DA:483,0
DA:484,0
DA:489,0
DA:490,0
DA:492,0
DA:493,0
DA:494,0
DA:495,0
DA:497,0
DA:504,0
DA:506,0
DA:512,0
DA:513,0
DA:514,0
DA:515,0
DA:516,0
DA:518,0
DA:525,0
DA:526,0
DA:527,0
DA:528,0
DA:530,0
DA:541,0
DA:542,0
DA:546,0
DA:547,0
DA:548,0
DA:550,0
DA:551,0
DA:552,0
DA:558,0
DA:559,0
DA:560,0
DA:561,0
DA:562,0
DA:563,0
DA:565,0
DA:568,0
DA:569,0
DA:572,0
DA:573,0
DA:574,0
DA:575,0
DA:582,0
DA:583,0
DA:584,0
DA:585,0
DA:586,0
DA:587,0
DA:589,0
DA:593,0
DA:594,0
DA:603,0
DA:604,0
DA:606,0
DA:613,0
DA:614,0
DA:615,0
DA:616,0
DA:622,0
DA:623,0
DA:625,0
DA:632,0
DA:633,0
DA:634,0
DA:635,0
DA:651,0
DA:655,0
DA:656,0
DA:657,0
DA:658,0
DA:660,0
DA:661,0
DA:664,0
DA:665,0
DA:668,0
DA:671,0
DA:673,0
DA:674,0
DA:676,0
DA:677,0
DA:678,0
DA:680,0
DA:684,0
DA:685,0
DA:687,0
DA:704,0
DA:706,0
DA:707,0
DA:708,0
DA:709,0
LF:312
LH:0
end_of_record
SF:lib/screens/recto.dart
DA:14,1
DA:20,2
DA:21,1
DA:22,1
DA:24,1
DA:25,1
DA:28,0
DA:31,0
DA:32,0
DA:35,0
DA:36,0
DA:37,0
DA:47,1
DA:51,1
DA:53,1
DA:54,1
DA:67,1
DA:69,1
DA:70,3
DA:71,2
DA:75,3
DA:76,1
DA:77,1
DA:80,2
DA:81,2
DA:83,1
DA:86,1
DA:87,1
DA:88,4
DA:89,1
DA:92,0
DA:93,0
DA:95,0
DA:96,0
DA:98,0
DA:100,0
DA:101,0
DA:105,2
DA:107,1
DA:108,1
DA:111,1
DA:114,1
DA:115,1
DA:116,3
DA:117,1
DA:120,1
DA:121,6
DA:122,2
DA:123,2
DA:124,1
DA:125,2
DA:126,2
DA:129,1
DA:133,0
DA:135,0
DA:136,0
DA:137,0
DA:139,0
DA:142,0
DA:145,0
DA:146,0
DA:150,0
DA:153,0
DA:154,0
DA:155,0
DA:156,0
DA:157,0
DA:161,0
DA:165,1
DA:166,1
DA:167,1
DA:169,1
DA:170,1
DA:171,1
DA:172,1
DA:173,1
DA:175,1
DA:177,1
DA:179,1
DA:180,1
DA:182,1
DA:190,1
DA:191,2
DA:192,1
DA:193,2
DA:194,1
DA:195,2
DA:204,1
DA:205,1
DA:206,0
DA:207,1
DA:210,1
DA:212,1
DA:214,1
DA:215,1
DA:217,1
DA:229,0
DA:230,0
DA:231,0
DA:232,0
DA:233,0
DA:234,0
DA:235,0
DA:236,0
DA:238,0
DA:240,0
DA:242,0
DA:243,0
DA:244,0
DA:245,0
DA:246,0
DA:248,0
DA:249,0
DA:250,0
DA:252,0
DA:253,0
DA:254,0
DA:258,0
DA:259,0
DA:260,0
DA:261,0
DA:262,0
DA:264,0
DA:266,0
DA:267,0
DA:270,0
DA:272,0
DA:286,0
DA:287,0
DA:288,0
DA:289,0
DA:290,0
DA:292,0
DA:297,1
DA:299,1
DA:300,1
DA:301,1
DA:302,1
DA:303,1
DA:304,1
DA:306,1
DA:308,1
DA:309,1
DA:310,0
DA:311,1
DA:313,1
DA:317,1
DA:318,6
DA:319,1
DA:320,1
DA:329,1
DA:330,1
DA:331,1
DA:332,1
DA:333,1
DA:335,1
DA:336,1
DA:337,4
DA:338,1
DA:339,4
DA:340,4
DA:341,1
DA:342,1
DA:343,1
DA:344,1
DA:345,1
DA:346,1
DA:348,1
DA:352,1
DA:353,1
DA:355,1
DA:356,4
DA:357,1
DA:359,1
DA:361,1
DA:362,1
DA:363,3
DA:364,0
DA:365,5
DA:366,1
DA:374,1
DA:375,3
DA:376,5
DA:378,0
DA:379,0
DA:380,0
DA:381,0
DA:383,0
DA:385,0
DA:389,0
DA:390,0
DA:391,0
DA:392,0
DA:393,0
DA:395,0
DA:396,0
DA:397,0
DA:399,0
DA:400,0
DA:406,0
DA:411,0
DA:412,0
DA:413,0
DA:414,0
DA:416,0
DA:417,0
DA:418,0
DA:420,0
DA:421,0
DA:423,0
DA:426,0
DA:428,0
DA:446,1
DA:448,1
DA:449,1
DA:451,1
DA:452,1
DA:453,1
DA:456,1
DA:457,1
DA:458,1
DA:460,1
DA:461,1
DA:462,1
DA:464,1
DA:469,1
DA:470,1
DA:471,1
DA:473,1
DA:474,1
DA:475,1
DA:477,1
DA:478,1
DA:479,1
DA:480,1
DA:482,1
DA:483,1
DA:493,1
DA:494,1
DA:497,1
DA:498,1
DA:499,1
DA:501,1
DA:502,1
DA:503,1
DA:505,1
DA:519,1
DA:521,2
DA:522,2
DA:523,1
DA:530,0
DA:533,0
DA:535,0
DA:536,0
DA:540,0
DA:542,0
DA:543,0
DA:544,0
DA:545,0
DA:547,0
DA:554,0
DA:555,0
DA:556,0
DA:557,0
DA:560,0
DA:561,0
DA:563,0
DA:565,0
DA:566,0
DA:568,0
DA:575,0
DA:576,0
DA:577,0
DA:578,0
DA:579,0
DA:580,0
DA:582,0
DA:583,0
DA:584,0
DA:586,0
DA:589,0
DA:590,0
DA:594,0
DA:595,0
DA:597,0
DA:604,0
DA:605,0
DA:613,0
DA:614,0
DA:616,0
DA:617,0
DA:618,0
DA:619,0
DA:624,0
DA:625,0
DA:627,0
DA:635,0
DA:637,0
DA:648,0
DA:649,0
DA:650,0
DA:652,0
DA:653,0
DA:654,0
DA:655,0
DA:656,0
DA:657,0
DA:658,0
DA:659,0
DA:660,0
DA:661,0
DA:666,0
DA:667,0
DA:669,0
DA:671,0
DA:672,0
DA:674,0
DA:675,0
DA:677,0
DA:683,0
DA:684,0
DA:685,0
DA:694,0
DA:695,0
DA:696,0
DA:697,0
DA:700,0
DA:701,0
DA:702,0
DA:705,0
DA:706,0
DA:707,0
DA:709,0
DA:711,0
DA:721,0
DA:722,0
DA:723,0
DA:725,0
DA:726,0
DA:727,0
DA:728,0
DA:729,0
DA:731,0
DA:732,0
DA:733,0
DA:735,0
DA:737,0
DA:739,0
DA:740,0
DA:742,0
DA:744,0
DA:746,0
DA:747,0
DA:749,0
DA:751,0
DA:758,0
DA:760,0
DA:761,0
DA:762,0
DA:765,0
DA:770,0
DA:771,0
DA:773,0
DA:779,0
DA:780,0
DA:781,0
DA:782,0
DA:793,0
DA:794,0
DA:800,0
DA:801,0
LF:371
LH:153
end_of_record
SF:lib/screens/page_carte.dart
DA:18,2
DA:20,1
DA:21,1
DA:38,1
DA:40,1
DA:42,2
DA:43,0
DA:44,0
DA:45,0
DA:49,0
DA:50,0
DA:52,0
DA:53,0
DA:58,1
DA:59,2
DA:60,2
DA:66,2
DA:68,4
DA:71,0
DA:74,0
DA:80,3
DA:81,1
DA:82,1
DA:85,1
DA:86,1
DA:94,0
DA:96,0
DA:109,0
DA:111,0
DA:113,0
DA:114,0
DA:117,0
DA:123,0
DA:126,0
DA:127,0
DA:131,0
DA:132,0
DA:135,0
DA:138,0
DA:139,0
DA:151,0
DA:152,0
DA:153,0
DA:154,0
DA:155,0
DA:159,0
DA:160,0
DA:161,0
DA:162,0
DA:163,0
DA:166,0
DA:167,0
DA:172,0
DA:173,0
DA:186,0
DA:187,0
DA:188,0
DA:189,0
DA:190,0
DA:191,0
DA:194,0
DA:195,0
DA:196,0
DA:199,0
DA:200,0
DA:201,0
DA:202,0
DA:209,1
DA:211,1
DA:212,1
DA:215,2
DA:216,1
DA:217,1
DA:218,1
DA:222,1
DA:225,1
DA:233,1
DA:236,1
DA:237,0
DA:238,1
DA:240,1
DA:245,1
DA:247,1
DA:248,1
DA:249,1
DA:250,1
DA:251,1
DA:252,1
DA:253,1
DA:254,1
DA:255,1
DA:266,1
DA:267,1
DA:268,1
DA:269,1
DA:271,1
DA:272,1
DA:274,1
DA:275,1
DA:281,1
DA:282,1
DA:283,1
DA:284,1
DA:285,1
DA:286,1
DA:287,1
DA:289,1
DA:293,1
DA:294,1
DA:295,1
DA:296,1
DA:298,1
DA:299,1
DA:304,1
DA:307,1
DA:308,1
DA:313,1
DA:317,1
DA:318,0
DA:321,0
DA:322,0
DA:324,0
DA:325,0
DA:326,0
DA:328,0
DA:337,1
DA:338,1
DA:339,1
DA:340,1
DA:343,1
DA:344,1
DA:345,1
DA:347,1
DA:348,0
DA:349,0
DA:350,0
DA:351,0
DA:355,2
DA:358,1
DA:364,1
DA:365,1
DA:366,1
DA:367,1
DA:369,1
DA:370,1
DA:372,1
DA:373,1
DA:379,1
DA:380,1
DA:381,1
DA:382,1
DA:383,1
DA:384,1
DA:385,1
DA:387,1
DA:391,1
DA:392,1
DA:394,1
DA:395,1
DA:400,1
DA:403,1
DA:404,1
DA:409,1
DA:413,1
DA:419,1
DA:420,1
DA:421,1
DA:422,1
DA:423,1
DA:424,1
DA:426,1
DA:427,1
DA:428,1
DA:429,1
DA:431,1
DA:435,1
DA:437,1
LF:177
LH:114
end_of_record
SF:lib/screens/parametre.dart
DA:10,1
DA:12,1
DA:13,1
DA:21,1
DA:23,1
DA:24,1
DA:27,1
DA:28,1
DA:29,2
DA:30,2
DA:31,3
DA:35,0
DA:37,0
DA:38,0
DA:39,0
DA:42,0
DA:43,0
DA:44,0
DA:47,0
DA:53,1
DA:55,1
DA:57,1
DA:64,1
DA:65,1
DA:66,1
DA:67,1
DA:69,1
DA:70,1
DA:71,2
DA:72,1
DA:76,0
DA:78,0
DA:79,0
DA:87,1
DA:88,1
DA:93,1
DA:94,1
DA:97,1
DA:99,1
DA:100,1
DA:101,1
DA:105,1
DA:106,1
DA:110,1
DA:113,1
DA:114,1
DA:118,1
DA:122,1
DA:123,1
DA:127,0
DA:129,0
DA:130,0
DA:139,1
DA:140,1
DA:142,1
DA:153,1
DA:154,1
DA:157,1
DA:159,1
DA:160,1
DA:165,1
DA:175,1
DA:178,1
DA:179,2
DA:180,1
DA:185,0
DA:186,0
DA:187,0
DA:189,0
DA:190,0
DA:202,0
DA:225,0
DA:226,0
DA:228,0
DA:229,0
DA:230,0
DA:245,0
DA:246,0
DA:247,0
DA:248,0
DA:254,0
DA:256,0
DA:262,0
DA:264,0
DA:266,0
DA:268,0
DA:269,0
DA:270,0
DA:285,0
DA:286,0
DA:287,0
DA:288,0
DA:289,0
DA:299,0
DA:300,0
DA:302,0
DA:304,0
DA:309,0
DA:310,0
DA:311,0
LF:100
LH:51
end_of_record
SF:lib/screens/statistique.dart
DA:13,0
DA:19,0
DA:20,0
DA:21,0
DA:23,0
DA:24,0
DA:25,0
DA:26,0
DA:31,0
DA:32,0
DA:33,0
DA:34,0
DA:35,0
DA:43,0
DA:47,0
DA:49,0
DA:50,0
DA:60,0
DA:62,0
DA:63,0
DA:64,0
DA:67,0
DA:69,0
DA:70,0
DA:72,0
DA:75,0
DA:76,0
DA:82,0
DA:83,0
DA:84,0
DA:91,0
DA:93,0
DA:94,0
DA:96,0
DA:97,0
DA:100,0
DA:101,0
DA:102,0
DA:107,0
DA:108,0
DA:111,0
DA:112,0
DA:114,0
DA:115,0
DA:116,0
DA:121,0
DA:122,0
DA:123,0
DA:124,0
DA:125,0
DA:128,0
DA:132,0
DA:133,0
DA:134,0
DA:137,0
DA:138,0
DA:139,0
DA:144,0
DA:146,0
DA:148,0
DA:150,0
DA:151,0
DA:153,0
DA:154,0
DA:155,0
DA:156,0
DA:157,0
DA:158,0
DA:160,0
DA:168,0
DA:169,0
DA:170,0
DA:178,0
DA:179,0
DA:180,0
DA:181,0
DA:184,0
DA:185,0
DA:186,0
DA:189,0
DA:191,0
DA:192,0
DA:194,0
DA:203,0
DA:205,0
DA:206,0
DA:208,0
DA:209,0
DA:210,0
DA:211,0
DA:212,0
DA:213,0
DA:215,0
DA:216,0
DA:218,0
DA:224,0
DA:225,0
DA:227,0
DA:232,0
DA:233,0
DA:234,0
DA:235,0
DA:236,0
DA:239,0
DA:242,0
DA:243,0
DA:246,0
DA:250,0
DA:251,0
DA:253,0
DA:254,0
DA:255,0
DA:256,0
DA:257,0
DA:262,0
DA:264,0
DA:265,0
DA:273,0
DA:274,0
DA:275,0
DA:276,0
DA:278,0
DA:279,0
DA:280,0
DA:282,0
DA:287,0
DA:289,0
DA:298,0
DA:299,0
DA:301,0
DA:307,0
DA:308,0
DA:310,0
DA:315,0
DA:316,0
DA:317,0
DA:318,0
DA:319,0
DA:320,0
DA:321,0
DA:322,0
DA:325,0
DA:326,0
DA:328,0
DA:333,0
DA:334,0
DA:336,0
DA:341,0
DA:342,0
DA:344,0
DA:350,0
DA:351,0
DA:352,0
DA:355,0
DA:361,0
LF:155
LH:0
end_of_record
SF:lib/screens/politique_conf.dart
DA:4,16
DA:6,1
DA:8,1
DA:10,1
DA:20,1
DA:22,1
DA:77,14
DA:81,0
DA:83,1
DA:85,1
DA:87,1
DA:89,1
DA:90,1
DA:91,1
DA:99,4
DA:101,1
DA:103,1
DA:106,1
DA:107,1
LF:19
LH:18
end_of_record
